Compiling the ISPC compiler identification source file "CMakeISPCCompilerId.ispc" failed.
Compiler: CMAKE_ISPC_COMPILER-NOTFOUND 
Build flags: 
Id flags: -o;cmake_ispc_output 

The output was:
No such file or directory


Compiling the ISPC compiler identification source file "CMakeISPCCompilerId.ispc" failed.
Compiler: CMAKE_ISPC_COMPILER-NOTFOUND 
Build flags: 
Id flags:  

The output was:
No such file or directory


Compiling the ISPC compiler identification source file "CMakeISPCCompilerId.ispc" failed.
Compiler: CMAKE_ISPC_COMPILER-NOTFOUND 
Build flags: 
Id flags: -o;cmake_ispc_output 

The output was:
No such file or directory


Compiling the ISPC compiler identification source file "CMakeISPCCompilerId.ispc" failed.
Compiler: CMAKE_ISPC_COMPILER-NOTFOUND 
Build flags: 
Id flags:  

The output was:
No such file or directory


Compiling the ISPC compiler identification source file "CMakeISPCCompilerId.ispc" failed.
Compiler: CMAKE_ISPC_COMPILER-NOTFOUND 
Build flags: 
Id flags: -o;cmake_ispc_output 

The output was:
No such file or directory


Compiling the ISPC compiler identification source file "CMakeISPCCompilerId.ispc" failed.
Compiler: CMAKE_ISPC_COMPILER-NOTFOUND 
Build flags: 
Id flags:  

The output was:
No such file or directory


Compiling the ISPC compiler identification source file "CMakeISPCCompilerId.ispc" failed.
Compiler: CMAKE_ISPC_COMPILER-NOTFOUND 
Build flags: 
Id flags: -o;cmake_ispc_output 

The output was:
No such file or directory


Compiling the ISPC compiler identification source file "CMakeISPCCompilerId.ispc" failed.
Compiler: CMAKE_ISPC_COMPILER-NOTFOUND 
Build flags: 
Id flags:  

The output was:
No such file or directory


Compiling the ISPC compiler identification source file "CMakeISPCCompilerId.ispc" failed.
Compiler: CMAKE_ISPC_COMPILER-NOTFOUND 
Build flags: 
Id flags: -o;cmake_ispc_output 

The output was:
No such file or directory


Compiling the ISPC compiler identification source file "CMakeISPCCompilerId.ispc" failed.
Compiler: CMAKE_ISPC_COMPILER-NOTFOUND 
Build flags: 
Id flags:  

The output was:
No such file or directory


Compiling the ISPC compiler identification source file "CMakeISPCCompilerId.ispc" failed.
Compiler: CMAKE_ISPC_COMPILER-NOTFOUND 
Build flags: 
Id flags: -o;cmake_ispc_output 

The output was:
No such file or directory


Compiling the ISPC compiler identification source file "CMakeISPCCompilerId.ispc" failed.
Compiler: CMAKE_ISPC_COMPILER-NOTFOUND 
Build flags: 
Id flags:  

The output was:
No such file or directory


Compiling the ISPC compiler identification source file "CMakeISPCCompilerId.ispc" failed.
Compiler: CMAKE_ISPC_COMPILER-NOTFOUND 
Build flags: 
Id flags: -o;cmake_ispc_output 

The output was:
No such file or directory


Compiling the ISPC compiler identification source file "CMakeISPCCompilerId.ispc" failed.
Compiler: CMAKE_ISPC_COMPILER-NOTFOUND 
Build flags: 
Id flags:  

The output was:
No such file or directory


Compiling the ISPC compiler identification source file "CMakeISPCCompilerId.ispc" failed.
Compiler: CMAKE_ISPC_COMPILER-NOTFOUND 
Build flags: 
Id flags: -o;cmake_ispc_output 

The output was:
No such file or directory


Compiling the ISPC compiler identification source file "CMakeISPCCompilerId.ispc" failed.
Compiler: CMAKE_ISPC_COMPILER-NOTFOUND 
Build flags: 
Id flags:  

The output was:
No such file or directory


Compiling the ISPC compiler identification source file "CMakeISPCCompilerId.ispc" failed.
Compiler: CMAKE_ISPC_COMPILER-NOTFOUND 
Build flags: 
Id flags: -o;cmake_ispc_output 

The output was:
No such file or directory


Compiling the ISPC compiler identification source file "CMakeISPCCompilerId.ispc" failed.
Compiler: CMAKE_ISPC_COMPILER-NOTFOUND 
Build flags: 
Id flags:  

The output was:
No such file or directory


Compiling the ISPC compiler identification source file "CMakeISPCCompilerId.ispc" failed.
Compiler: CMAKE_ISPC_COMPILER-NOTFOUND 
Build flags: 
Id flags: -o;cmake_ispc_output 

The output was:
No such file or directory


Compiling the ISPC compiler identification source file "CMakeISPCCompilerId.ispc" failed.
Compiler: CMAKE_ISPC_COMPILER-NOTFOUND 
Build flags: 
Id flags:  

The output was:
No such file or directory


Compiling the ISPC compiler identification source file "CMakeISPCCompilerId.ispc" failed.
Compiler: CMAKE_ISPC_COMPILER-NOTFOUND 
Build flags: 
Id flags: -o;cmake_ispc_output 

The output was:
No such file or directory


Compiling the ISPC compiler identification source file "CMakeISPCCompilerId.ispc" failed.
Compiler: CMAKE_ISPC_COMPILER-NOTFOUND 
Build flags: 
Id flags:  

The output was:
No such file or directory


Compiling the ISPC compiler identification source file "CMakeISPCCompilerId.ispc" failed.
Compiler: CMAKE_ISPC_COMPILER-NOTFOUND 
Build flags: 
Id flags: -o;cmake_ispc_output 

The output was:
No such file or directory


Compiling the ISPC compiler identification source file "CMakeISPCCompilerId.ispc" failed.
Compiler: CMAKE_ISPC_COMPILER-NOTFOUND 
Build flags: 
Id flags:  

The output was:
No such file or directory


Compiling the ISPC compiler identification source file "CMakeISPCCompilerId.ispc" failed.
Compiler: CMAKE_ISPC_COMPILER-NOTFOUND 
Build flags: 
Id flags: -o;cmake_ispc_output 

The output was:
No such file or directory


Compiling the ISPC compiler identification source file "CMakeISPCCompilerId.ispc" failed.
Compiler: CMAKE_ISPC_COMPILER-NOTFOUND 
Build flags: 
Id flags:  

The output was:
No such file or directory


Compiling the ISPC compiler identification source file "CMakeISPCCompilerId.ispc" failed.
Compiler: CMAKE_ISPC_COMPILER-NOTFOUND 
Build flags: 
Id flags: -o;cmake_ispc_output 

The output was:
No such file or directory


Compiling the ISPC compiler identification source file "CMakeISPCCompilerId.ispc" failed.
Compiler: CMAKE_ISPC_COMPILER-NOTFOUND 
Build flags: 
Id flags:  

The output was:
No such file or directory


Compiling the ISPC compiler identification source file "CMakeISPCCompilerId.ispc" failed.
Compiler: CMAKE_ISPC_COMPILER-NOTFOUND 
Build flags: 
Id flags: -o;cmake_ispc_output 

The output was:
No such file or directory


Compiling the ISPC compiler identification source file "CMakeISPCCompilerId.ispc" failed.
Compiler: CMAKE_ISPC_COMPILER-NOTFOUND 
Build flags: 
Id flags:  

The output was:
No such file or directory


Compiling the ISPC compiler identification source file "CMakeISPCCompilerId.ispc" failed.
Compiler: CMAKE_ISPC_COMPILER-NOTFOUND 
Build flags: 
Id flags: -o;cmake_ispc_output 

The output was:
No such file or directory


Compiling the ISPC compiler identification source file "CMakeISPCCompilerId.ispc" failed.
Compiler: CMAKE_ISPC_COMPILER-NOTFOUND 
Build flags: 
Id flags:  

The output was:
No such file or directory


Compiling the ISPC compiler identification source file "CMakeISPCCompilerId.ispc" failed.
Compiler: CMAKE_ISPC_COMPILER-NOTFOUND 
Build flags: 
Id flags: -o;cmake_ispc_output 

The output was:
No such file or directory


Compiling the ISPC compiler identification source file "CMakeISPCCompilerId.ispc" failed.
Compiler: CMAKE_ISPC_COMPILER-NOTFOUND 
Build flags: 
Id flags:  

The output was:
No such file or directory


Compiling the ISPC compiler identification source file "CMakeISPCCompilerId.ispc" failed.
Compiler: CMAKE_ISPC_COMPILER-NOTFOUND 
Build flags: 
Id flags: -o;cmake_ispc_output 

The output was:
No such file or directory


Compiling the ISPC compiler identification source file "CMakeISPCCompilerId.ispc" failed.
Compiler: CMAKE_ISPC_COMPILER-NOTFOUND 
Build flags: 
Id flags:  

The output was:
No such file or directory


Compiling the ISPC compiler identification source file "CMakeISPCCompilerId.ispc" failed.
Compiler: CMAKE_ISPC_COMPILER-NOTFOUND 
Build flags: 
Id flags: -o;cmake_ispc_output 

The output was:
No such file or directory


Compiling the ISPC compiler identification source file "CMakeISPCCompilerId.ispc" failed.
Compiler: CMAKE_ISPC_COMPILER-NOTFOUND 
Build flags: 
Id flags:  

The output was:
No such file or directory


Compiling the ISPC compiler identification source file "CMakeISPCCompilerId.ispc" failed.
Compiler: CMAKE_ISPC_COMPILER-NOTFOUND 
Build flags: 
Id flags: -o;cmake_ispc_output 

The output was:
No such file or directory


Compiling the ISPC compiler identification source file "CMakeISPCCompilerId.ispc" failed.
Compiler: CMAKE_ISPC_COMPILER-NOTFOUND 
Build flags: 
Id flags:  

The output was:
No such file or directory


Compiling the ISPC compiler identification source file "CMakeISPCCompilerId.ispc" failed.
Compiler: CMAKE_ISPC_COMPILER-NOTFOUND 
Build flags: 
Id flags: -o;cmake_ispc_output 

The output was:
No such file or directory


Compiling the ISPC compiler identification source file "CMakeISPCCompilerId.ispc" failed.
Compiler: CMAKE_ISPC_COMPILER-NOTFOUND 
Build flags: 
Id flags:  

The output was:
No such file or directory


Compiling the ISPC compiler identification source file "CMakeISPCCompilerId.ispc" failed.
Compiler: CMAKE_ISPC_COMPILER-NOTFOUND 
Build flags: 
Id flags: -o;cmake_ispc_output 

The output was:
No such file or directory


Compiling the ISPC compiler identification source file "CMakeISPCCompilerId.ispc" failed.
Compiler: CMAKE_ISPC_COMPILER-NOTFOUND 
Build flags: 
Id flags:  

The output was:
No such file or directory


Compiling the ISPC compiler identification source file "CMakeISPCCompilerId.ispc" failed.
Compiler: CMAKE_ISPC_COMPILER-NOTFOUND 
Build flags: 
Id flags: -o;cmake_ispc_output 

The output was:
No such file or directory


Compiling the ISPC compiler identification source file "CMakeISPCCompilerId.ispc" failed.
Compiler: CMAKE_ISPC_COMPILER-NOTFOUND 
Build flags: 
Id flags:  

The output was:
No such file or directory


Compiling the ISPC compiler identification source file "CMakeISPCCompilerId.ispc" failed.
Compiler: CMAKE_ISPC_COMPILER-NOTFOUND 
Build flags: 
Id flags: -o;cmake_ispc_output 

The output was:
No such file or directory


Compiling the ISPC compiler identification source file "CMakeISPCCompilerId.ispc" failed.
Compiler: CMAKE_ISPC_COMPILER-NOTFOUND 
Build flags: 
Id flags:  

The output was:
No such file or directory


Compiling the ISPC compiler identification source file "CMakeISPCCompilerId.ispc" failed.
Compiler: CMAKE_ISPC_COMPILER-NOTFOUND 
Build flags: 
Id flags: -o;cmake_ispc_output 

The output was:
No such file or directory


Compiling the ISPC compiler identification source file "CMakeISPCCompilerId.ispc" failed.
Compiler: CMAKE_ISPC_COMPILER-NOTFOUND 
Build flags: 
Id flags:  

The output was:
No such file or directory


Compiling the ISPC compiler identification source file "CMakeISPCCompilerId.ispc" failed.
Compiler: CMAKE_ISPC_COMPILER-NOTFOUND 
Build flags: 
Id flags: -o;cmake_ispc_output 

The output was:
No such file or directory


Compiling the ISPC compiler identification source file "CMakeISPCCompilerId.ispc" failed.
Compiler: CMAKE_ISPC_COMPILER-NOTFOUND 
Build flags: 
Id flags:  

The output was:
No such file or directory


Performing C SOURCE FILE Test CMAKE_HAVE_LIBC_PTHREAD failed with the following output:
Change Dir: /home/ruizinho/Desktop/Universidade/Mestrado/CPD/ESC/tracer/build-vscode/__unspec__/Debug/CMakeFiles/CMakeTmp

Run Build Command(s):/usr/bin/make cmTC_2230a/fast && /usr/bin/make  -f CMakeFiles/cmTC_2230a.dir/build.make CMakeFiles/cmTC_2230a.dir/build
make[1]: Entering directory '/home/ruizinho/Desktop/Universidade/Mestrado/CPD/ESC/tracer/build-vscode/__unspec__/Debug/CMakeFiles/CMakeTmp'
Building C object CMakeFiles/cmTC_2230a.dir/src.c.o
/usr/bin/cc -DCMAKE_HAVE_LIBC_PTHREAD  -fPIE -o CMakeFiles/cmTC_2230a.dir/src.c.o -c /home/ruizinho/Desktop/Universidade/Mestrado/CPD/ESC/tracer/build-vscode/__unspec__/Debug/CMakeFiles/CMakeTmp/src.c
Linking C executable cmTC_2230a
/usr/local/bin/cmake -E cmake_link_script CMakeFiles/cmTC_2230a.dir/link.txt --verbose=1
/usr/bin/cc CMakeFiles/cmTC_2230a.dir/src.c.o -o cmTC_2230a 
CMakeFiles/cmTC_2230a.dir/src.c.o: In function `main':
src.c:(.text+0x3e): undefined reference to `pthread_create'
src.c:(.text+0x4a): undefined reference to `pthread_detach'
src.c:(.text+0x56): undefined reference to `pthread_cancel'
src.c:(.text+0x67): undefined reference to `pthread_join'
src.c:(.text+0x7b): undefined reference to `pthread_atfork'
collect2: error: ld returned 1 exit status
CMakeFiles/cmTC_2230a.dir/build.make:105: recipe for target 'cmTC_2230a' failed
make[1]: *** [cmTC_2230a] Error 1
make[1]: Leaving directory '/home/ruizinho/Desktop/Universidade/Mestrado/CPD/ESC/tracer/build-vscode/__unspec__/Debug/CMakeFiles/CMakeTmp'
Makefile:140: recipe for target 'cmTC_2230a/fast' failed
make: *** [cmTC_2230a/fast] Error 2


Source file was:
#include <pthread.h>

static void* test_func(void* data)
{
  return data;
}

int main(void)
{
  pthread_t thread;
  pthread_create(&thread, NULL, test_func, NULL);
  pthread_detach(thread);
  pthread_cancel(thread);
  pthread_join(thread, NULL);
  pthread_atfork(NULL, NULL, NULL);
  pthread_exit(NULL);

  return 0;
}

Determining if the function pthread_create exists in the pthreads failed with the following output:
Change Dir: /home/ruizinho/Desktop/Universidade/Mestrado/CPD/ESC/tracer/build-vscode/__unspec__/Debug/CMakeFiles/CMakeTmp

Run Build Command(s):/usr/bin/make cmTC_1bd9d/fast && /usr/bin/make  -f CMakeFiles/cmTC_1bd9d.dir/build.make CMakeFiles/cmTC_1bd9d.dir/build
make[1]: Entering directory '/home/ruizinho/Desktop/Universidade/Mestrado/CPD/ESC/tracer/build-vscode/__unspec__/Debug/CMakeFiles/CMakeTmp'
Building C object CMakeFiles/cmTC_1bd9d.dir/CheckFunctionExists.c.o
/usr/bin/cc   -DCHECK_FUNCTION_EXISTS=pthread_create -fPIE -o CMakeFiles/cmTC_1bd9d.dir/CheckFunctionExists.c.o -c /usr/local/share/cmake-3.19/Modules/CheckFunctionExists.c
Linking C executable cmTC_1bd9d
/usr/local/bin/cmake -E cmake_link_script CMakeFiles/cmTC_1bd9d.dir/link.txt --verbose=1
/usr/bin/cc  -DCHECK_FUNCTION_EXISTS=pthread_create CMakeFiles/cmTC_1bd9d.dir/CheckFunctionExists.c.o -o cmTC_1bd9d  -lpthreads 
/usr/bin/ld: cannot find -lpthreads
collect2: error: ld returned 1 exit status
CMakeFiles/cmTC_1bd9d.dir/build.make:105: recipe for target 'cmTC_1bd9d' failed
make[1]: *** [cmTC_1bd9d] Error 1
make[1]: Leaving directory '/home/ruizinho/Desktop/Universidade/Mestrado/CPD/ESC/tracer/build-vscode/__unspec__/Debug/CMakeFiles/CMakeTmp'
Makefile:140: recipe for target 'cmTC_1bd9d/fast' failed
make: *** [cmTC_1bd9d/fast] Error 2



